# JRE version: OpenJDK Runtime Environment (11.0.13) (build 11.0.13+0-b1751.21-8125866)
# Java VM: OpenJDK 64-Bit Server VM (11.0.13+0-b1751.21-8125866, mixed mode, tiered, compressed oops, g1 gc, windows-amd64)
Heap:
 garbage-first heap   total 378880K, used 192512K [0x0000000080000000, 0x0000000100000000)
  region size 1024K, 2 young (2048K), 2 survivors (2048K)
 Metaspace       used 102985K, capacity 105319K, committed 105424K, reserved 1140736K
  class space    used 13237K, capacity 14124K, committed 14208K, reserved 1048576K
GC Heap History (20 events):
Event: 159.964 GC heap after
{Heap after GC invocations=107 (full 0):
 garbage-first heap   total 146432K, used 82703K [0x0000000080000000, 0x0000000100000000)
  region size 1024K, 1 young (1024K), 1 survivors (1024K)
 Metaspace       used 96326K, capacity 98456K, committed 98640K, reserved 1134592K
  class space    used 12232K, capacity 13055K, committed 13056K, reserved 1048576K
}
Event: 162.080 GC heap before
{Heap before GC invocations=107 (full 0):
 garbage-first heap   total 146432K, used 112399K [0x0000000080000000, 0x0000000100000000)
  region size 1024K, 31 young (31744K), 1 survivors (1024K)
 Metaspace       used 96451K, capacity 98604K, committed 98640K, reserved 1134592K
  class space    used 12235K, capacity 13055K, committed 13056K, reserved 1048576K
}
Event: 162.098 GC heap after
{Heap after GC invocations=108 (full 0):
 garbage-first heap   total 176128K, used 84423K [0x0000000080000000, 0x0000000100000000)
  region size 1024K, 3 young (3072K), 3 survivors (3072K)
 Metaspace       used 96451K, capacity 98604K, committed 98640K, reserved 1134592K
  class space    used 12235K, capacity 13055K, committed 13056K, reserved 1048576K
}
Event: 164.275 GC heap before
{Heap before GC invocations=109 (full 0):
 garbage-first heap   total 176128K, used 125383K [0x0000000080000000, 0x0000000100000000)
  region size 1024K, 44 young (45056K), 3 survivors (3072K)
 Metaspace       used 96521K, capacity 98654K, committed 99024K, reserved 1134592K
  class space    used 12241K, capacity 13063K, committed 13184K, reserved 1048576K
}
Event: 164.297 GC heap after
{Heap after GC invocations=110 (full 0):
 garbage-first heap   total 176128K, used 87242K [0x0000000080000000, 0x0000000100000000)
  region size 1024K, 6 young (6144K), 6 survivors (6144K)
 Metaspace       used 96521K, capacity 98654K, committed 99024K, reserved 1134592K
  class space    used 12241K, capacity 13063K, committed 13184K, reserved 1048576K
}
Event: 167.064 GC heap before
{Heap before GC invocations=110 (full 0):
 garbage-first heap   total 176128K, used 143562K [0x0000000080000000, 0x0000000100000000)
  region size 1024K, 47 young (48128K), 6 survivors (6144K)
 Metaspace       used 97527K, capacity 99758K, committed 99792K, reserved 1136640K
  class space    used 12346K, capacity 13164K, committed 13184K, reserved 1048576K
}
Event: 167.094 GC heap after
{Heap after GC invocations=111 (full 0):
 garbage-first heap   total 176128K, used 108173K [0x0000000080000000, 0x0000000100000000)
  region size 1024K, 6 young (6144K), 6 survivors (6144K)
 Metaspace       used 97527K, capacity 99758K, committed 99792K, reserved 1136640K
  class space    used 12346K, capacity 13164K, committed 13184K, reserved 1048576K
}
Event: 168.240 GC heap before
{Heap before GC invocations=111 (full 0):
 garbage-first heap   total 176128K, used 140941K [0x0000000080000000, 0x0000000100000000)
  region size 1024K, 21 young (21504K), 6 survivors (6144K)
 Metaspace       used 100342K, capacity 102633K, committed 102864K, reserved 1138688K
  class space    used 12742K, capacity 13614K, committed 13696K, reserved 1048576K
}
Event: 168.260 GC heap after
{Heap after GC invocations=112 (full 0):
 garbage-first heap   total 176128K, used 125296K [0x0000000080000000, 0x0000000100000000)
  region size 1024K, 3 young (3072K), 3 survivors (3072K)
 Metaspace       used 100342K, capacity 102633K, committed 102864K, reserved 1138688K
  class space    used 12742K, capacity 13614K, committed 13696K, reserved 1048576K
}
Event: 168.374 GC heap before
{Heap before GC invocations=112 (full 0):
 garbage-first heap   total 185344K, used 183664K [0x0000000080000000, 0x0000000100000000)
  region size 1024K, 19 young (19456K), 3 survivors (3072K)
 Metaspace       used 100349K, capacity 102633K, committed 102864K, reserved 1138688K
  class space    used 12742K, capacity 13614K, committed 13696K, reserved 1048576K
}
Event: 168.388 GC heap after
{Heap after GC invocations=113 (full 0):
 garbage-first heap   total 232448K, used 146826K [0x0000000080000000, 0x0000000100000000)
  region size 1024K, 3 young (3072K), 3 survivors (3072K)
 Metaspace       used 100349K, capacity 102633K, committed 102864K, reserved 1138688K
  class space    used 12742K, capacity 13614K, committed 13696K, reserved 1048576K
}
Event: 169.848 GC heap before
{Heap before GC invocations=114 (full 0):
 garbage-first heap   total 232448K, used 186762K [0x0000000080000000, 0x0000000100000000)
  region size 1024K, 41 young (41984K), 3 survivors (3072K)
 Metaspace       used 100624K, capacity 102865K, committed 103120K, reserved 1138688K
  class space    used 12785K, capacity 13648K, committed 13696K, reserved 1048576K
}
Event: 169.948 GC heap after
{Heap after GC invocations=115 (full 0):
 garbage-first heap   total 232448K, used 163269K [0x0000000080000000, 0x0000000100000000)
  region size 1024K, 6 young (6144K), 6 survivors (6144K)
 Metaspace       used 100624K, capacity 102865K, committed 103120K, reserved 1138688K
  class space    used 12785K, capacity 13648K, committed 13696K, reserved 1048576K
}
Event: 170.457 GC heap before
{Heap before GC invocations=115 (full 0):
 garbage-first heap   total 232448K, used 188869K [0x0000000080000000, 0x0000000100000000)
  region size 1024K, 31 young (31744K), 6 survivors (6144K)
 Metaspace       used 100625K, capacity 102865K, committed 103120K, reserved 1138688K
  class space    used 12785K, capacity 13648K, committed 13696K, reserved 1048576K
}
Event: 170.571 GC heap after
{Heap after GC invocations=116 (full 0):
 garbage-first heap   total 232448K, used 174532K [0x0000000080000000, 0x0000000100000000)
  region size 1024K, 4 young (4096K), 4 survivors (4096K)
 Metaspace       used 100625K, capacity 102865K, committed 103120K, reserved 1138688K
  class space    used 12785K, capacity 13648K, committed 13696K, reserved 1048576K
}
Event: 171.215 GC heap before
{Heap before GC invocations=117 (full 0):
 garbage-first heap   total 232448K, used 193988K [0x0000000080000000, 0x0000000100000000)
  region size 1024K, 21 young (21504K), 4 survivors (4096K)
 Metaspace       used 100642K, capacity 102865K, committed 103120K, reserved 1138688K
  class space    used 12786K, capacity 13648K, committed 13696K, reserved 1048576K
}
Event: 171.279 GC heap after
{Heap after GC invocations=118 (full 0):
 garbage-first heap   total 232448K, used 184320K [0x0000000080000000, 0x0000000100000000)
  region size 1024K, 3 young (3072K), 3 survivors (3072K)
 Metaspace       used 100642K, capacity 102865K, committed 103120K, reserved 1138688K
  class space    used 12786K, capacity 13648K, committed 13696K, reserved 1048576K
}
Event: 173.645 GC heap before
{Heap before GC invocations=118 (full 0):
 garbage-first heap   total 232448K, used 195584K [0x0000000080000000, 0x0000000100000000)
  region size 1024K, 15 young (15360K), 3 survivors (3072K)
 Metaspace       used 102944K, capacity 105254K, committed 105424K, reserved 1140736K
  class space    used 13237K, capacity 14124K, committed 14208K, reserved 1048576K
}
Event: 173.721 GC heap after
{Heap after GC invocations=119 (full 0):
 garbage-first heap   total 232448K, used 188416K [0x0000000080000000, 0x0000000100000000)
  region size 1024K, 2 young (2048K), 2 survivors (2048K)
 Metaspace       used 102944K, capacity 105254K, committed 105424K, reserved 1140736K
  class space    used 13237K, capacity 14124K, committed 14208K, reserved 1048576K
}
Event: 174.840 GC heap before
{Heap before GC invocations=120 (full 0):
 garbage-first heap   total 232448K, used 197632K [0x0000000080000000, 0x0000000100000000)
  region size 1024K, 12 young (12288K), 2 survivors (2048K)
 Metaspace       used 102985K, capacity 105319K, committed 105424K, reserved 1140736K
  class space    used 13237K, capacity 14124K, committed 14208K, reserved 1048576K
}

